
09-21 13:50:38 ERROR : Stream closed
09-21 13:50:54 INFO  : 配置成功
09-21 13:50:55 INFO  : 自动连接在 06:00 启动
09-21 13:50:55 INFO  : 自动连接在 23:30 停止
09-21 13:50:55 INFO  : 启动成功
09-21 13:50:55 INFO  : ssid = Long_Fish-5G
09-21 13:50:55 INFO  : wifiConnected = true
09-21 13:50:55 INFO  : 连接已停止
09-21 13:50:55 INFO  : 正在尝试重新连接
09-21 13:51:05 INFO  : 自动连接在 06:00 启动
09-21 13:51:05 INFO  : 自动连接在 23:30 停止
09-21 13:51:05 INFO  : 重新连接成功
09-21 13:51:09 INFO  : ssid = 海大校园网
09-21 13:51:09 INFO  : wifiConnected = false
09-21 13:51:09 INFO  : srcIp = 10.155.213.25
09-21 13:51:09 INFO  : dstIp = 10.129.1.1
09-21 13:51:09 INFO  : acId = 25
09-21 13:51:09 INFO  : jQuery112405644064296283513({"client_ip":"10.155.213.25","ecode":"E2531","error":"login_error","error_msg":"E2531: User not found.","online_ip":"10.155.213.25","res":"login_error","srun_ver":"SRunCGIAuthIntfSvr V1.18 B20240108","st":1726897867})
09-21 13:51:19 INFO  : ssid = 海大校园网
09-21 13:51:19 INFO  : wifiConnected = false
09-21 13:51:19 INFO  : srcIp = 10.155.213.25
09-21 13:51:19 INFO  : dstIp = 10.129.1.1
09-21 13:51:19 INFO  : acId = 25
09-21 13:51:19 INFO  : jQuery112405644064296283513({"client_ip":"10.155.213.25","ecode":"E2531","error":"login_error","error_msg":"E2531: User not found.","online_ip":"10.155.213.25","res":"login_error","srun_ver":"SRunCGIAuthIntfSvr V1.18 B20240108","st":1726897877})
09-21 13:51:29 INFO  : ssid = 海大校园网
09-21 13:51:29 INFO  : wifiConnected = false
09-21 13:51:29 INFO  : srcIp = 10.155.213.25
09-21 13:51:29 INFO  : dstIp = 10.129.1.1
09-21 13:51:29 INFO  : acId = 25
09-21 13:51:29 INFO  : jQuery112405644064296283513({"client_ip":"10.155.213.25","ecode":"E2531","error":"login_error","error_msg":"E2531: User not found.","online_ip":"10.155.213.25","res":"login_error","srun_ver":"SRunCGIAuthIntfSvr V1.18 B20240108","st":1726897887})
09-21 13:51:29 INFO  : 连接已停止
09-21 13:51:33 INFO  : 配置成功
09-21 13:51:35 INFO  : 自动连接在 06:00 启动
09-21 13:51:35 INFO  : 自动连接在 23:30 停止
09-21 13:51:35 INFO  : 启动成功
09-21 13:51:39 INFO  : ssid = 海大校园网
09-21 13:51:39 INFO  : wifiConnected = false
09-21 13:51:39 INFO  : srcIp = 10.155.213.25
09-21 13:51:39 INFO  : dstIp = 10.129.1.1
09-21 13:51:39 INFO  : acId = 25
09-21 13:51:39 INFO  : jQuery112405644064296283513({"client_ip":"10.155.213.25","ecode":"E2531","error":"login_error","error_msg":"E2531: User not found.","online_ip":"10.155.213.25","res":"login_error","srun_ver":"SRunCGIAuthIntfSvr V1.18 B20240108","st":1726897897})
09-21 13:51:49 INFO  : ssid = 海大校园网
09-21 13:51:49 INFO  : wifiConnected = false
09-21 13:51:49 INFO  : srcIp = 10.155.213.25
09-21 13:51:49 INFO  : dstIp = 10.129.1.1
09-21 13:51:49 INFO  : acId = 25
09-21 13:51:51 INFO  : jQuery112405644064296283513({"client_ip":"10.155.213.25","ecode":"E2531","error":"login_error","error_msg":"E2531: User not found.","online_ip":"10.155.213.25","res":"login_error","srun_ver":"SRunCGIAuthIntfSvr V1.18 B20240108","st":1726897909})
09-21 13:51:59 INFO  : ssid = 海大校园网
09-21 13:51:59 INFO  : wifiConnected = false
09-21 13:51:59 INFO  : srcIp = 10.155.213.25
09-21 13:51:59 INFO  : dstIp = 10.129.1.1
09-21 13:51:59 INFO  : acId = 25
09-21 13:51:59 INFO  : jQuery112405644064296283513({"client_ip":"10.155.213.25","ecode":"E2531","error":"login_error","error_msg":"E2531: User not found.","online_ip":"10.155.213.25","res":"login_error","srun_ver":"SRunCGIAuthIntfSvr V1.18 B20240108","st":1726897917})
09-21 13:52:09 INFO  : ssid = 海大校园网
09-21 13:52:09 INFO  : wifiConnected = false
09-21 13:52:09 INFO  : srcIp = 10.155.213.25
09-21 13:52:09 INFO  : dstIp = 10.129.1.1
09-21 13:52:09 INFO  : acId = 25
09-21 13:52:09 INFO  : jQuery112405644064296283513({"client_ip":"10.155.213.25","ecode":"E2531","error":"login_error","error_msg":"E2531: User not found.","online_ip":"10.155.213.25","res":"login_error","srun_ver":"SRunCGIAuthIntfSvr V1.18 B20240108","st":1726897927})
09-21 13:52:12 INFO  : 连接已停止
09-21 13:52:12 INFO  : 自动连接在 06:00 启动
09-21 13:52:12 INFO  : 自动连接在 23:30 停止
09-21 13:52:12 INFO  : 启动成功
09-21 13:52:16 INFO  : ssid = 海大校园网
09-21 13:52:16 INFO  : wifiConnected = false
09-21 13:52:26 INFO  : ssid = 海大校园网
09-21 13:52:26 INFO  : wifiConnected = false
09-21 13:52:36 INFO  : ssid = 海大校园网
09-21 13:52:36 INFO  : wifiConnected = false
09-21 13:52:46 INFO  : ssid = 海大校园网
09-21 13:52:46 INFO  : wifiConnected = false
09-21 13:52:56 INFO  : ssid = 海大校园网
09-21 13:52:56 INFO  : wifiConnected = false
09-21 13:52:57 INFO  : 连接已停止
09-21 13:52:57 INFO  : 自动连接在 06:00 启动
09-21 13:52:57 INFO  : 自动连接在 23:30 停止
09-21 13:52:57 INFO  : 配置成功
09-21 13:53:00 INFO  : ssid = 海大校园网
09-21 13:53:00 INFO  : wifiConnected = false
09-21 13:53:10 INFO  : ssid = 海大校园网
09-21 13:53:10 INFO  : wifiConnected = false
09-21 13:53:18 INFO  : 连接已停止
09-21 13:53:18 INFO  : 停止
09-21 13:53:18 INFO  : ssid = 海大校园网
09-21 13:53:18 INFO  : 自动连接在 06:00 启动
09-21 13:53:18 INFO  : wifiConnected = true
09-21 13:53:18 INFO  : 自动连接在 23:30 停止
09-21 13:53:18 INFO  : 连接已停止
09-21 13:53:18 INFO  : 配置成功
09-21 13:53:18 INFO  : 正在尝试重新连接
09-21 13:53:28 INFO  : 自动连接在 06:00 启动
09-21 13:53:28 INFO  : 自动连接在 23:30 停止
09-21 13:53:28 INFO  : 重新连接成功
09-21 13:53:32 INFO  : ssid = 海大校园网
09-21 13:53:32 INFO  : wifiConnected = false
09-21 13:53:32 INFO  : 连接已停止
09-21 13:53:32 INFO  : 正在尝试重新连接
09-21 13:53:42 INFO  : 自动连接在 06:00 启动
09-21 13:53:42 INFO  : 自动连接在 23:30 停止
09-21 13:53:42 INFO  : 重新连接成功
09-21 13:53:42 INFO  : 连接已停止
09-21 13:53:42 INFO  : 停止
09-21 13:53:42 INFO  : ssid = 海大校园网
09-21 13:53:42 INFO  : wifiConnected = true
09-21 13:53:42 INFO  : 连接已停止
09-21 13:53:42 INFO  : 正在尝试重新连接
09-21 13:53:52 INFO  : 自动连接在 06:00 启动
09-21 13:53:52 INFO  : 自动连接在 23:30 停止
09-21 13:53:52 INFO  : 重新连接成功
09-21 13:53:56 INFO  : ssid = 海大校园网
09-21 13:53:56 INFO  : wifiConnected = false
09-21 13:53:56 INFO  : 连接已停止
09-21 13:53:56 INFO  : 正在尝试重新连接
09-21 13:54:07 INFO  : 自动连接在 06:00 启动
09-21 13:54:07 INFO  : 自动连接在 23:30 停止
09-21 13:54:07 INFO  : 重新连接成功
09-21 13:54:10 INFO  : ssid = 海大校园网
09-21 13:54:10 INFO  : wifiConnected = false
09-21 13:54:10 INFO  : 连接已停止
09-21 13:54:10 INFO  : 正在尝试重新连接
09-21 13:54:21 INFO  : 自动连接在 06:00 启动
09-21 13:54:21 INFO  : 自动连接在 23:30 停止
09-21 13:54:21 INFO  : 重新连接成功
09-21 13:54:24 INFO  : ssid = 海大校园网
09-21 13:54:24 INFO  : wifiConnected = false
09-21 13:54:24 INFO  : 连接已停止
09-21 13:54:24 INFO  : 正在尝试重新连接
09-21 13:54:26 INFO  : 自动连接在 06:00 启动
09-21 13:54:26 INFO  : 自动连接在 23:30 停止
09-21 13:54:26 INFO  : 启动成功
09-21 13:54:30 INFO  : 连接已停止
09-21 13:54:30 INFO  : 停止
09-21 13:54:30 INFO  : ssid = 海大校园网
09-21 13:54:30 INFO  : wifiConnected = true
09-21 13:54:30 INFO  : 连接已停止
09-21 13:54:30 INFO  : 正在尝试重新连接
09-21 13:54:35 INFO  : 自动连接在 06:00 启动
09-21 13:54:35 INFO  : 自动连接在 23:30 停止
09-21 13:54:35 INFO  : 重新连接成功
09-21 13:54:38 INFO  : ssid = 海大校园网
09-21 13:54:38 INFO  : wifiConnected = false
09-21 13:54:38 INFO  : 连接已停止
09-21 13:54:38 INFO  : 正在尝试重新连接
09-21 13:54:40 INFO  : 自动连接在 06:00 启动
09-21 13:54:40 INFO  : 自动连接在 23:30 停止
09-21 13:54:40 INFO  : 重新连接成功
09-21 13:54:44 INFO  : ssid = 海大校园网
09-21 13:54:44 INFO  : wifiConnected = false
09-21 13:54:44 INFO  : 连接已停止
09-21 13:54:44 INFO  : 正在尝试重新连接
09-21 13:54:45 INFO  : 配置成功
09-21 13:54:48 INFO  : 配置成功
09-21 13:54:49 INFO  : 自动连接在 06:00 启动
09-21 13:54:49 INFO  : 自动连接在 23:30 停止
09-21 13:54:49 INFO  : 重新连接成功
09-21 13:54:49 INFO  : 停止
09-21 13:54:49 INFO  : 连接已停止
09-21 13:54:49 INFO  : ssid = 海大校园网
09-21 13:54:49 INFO  : wifiConnected = true
09-21 13:54:49 INFO  : 连接已停止
09-21 13:54:49 INFO  : 正在尝试重新连接
09-21 13:54:49 INFO  : 自动连接在 06:00 启动
09-21 13:54:49 INFO  : 自动连接在 23:30 停止
09-21 13:54:49 INFO  : 配置成功
09-21 13:54:53 INFO  : ssid = 海大校园网
09-21 13:54:53 INFO  : wifiConnected = false
09-21 13:54:53 INFO  : 连接已停止
09-21 13:54:53 INFO  : 正在尝试重新连接
09-21 13:54:54 INFO  : 自动连接在 06:00 启动
09-21 13:54:54 INFO  : 自动连接在 23:30 停止
09-21 13:54:54 INFO  : 重新连接成功
09-21 13:54:58 INFO  : 启动成功
09-21 13:54:58 INFO  : ssid = 海大校园网
09-21 13:54:58 INFO  : wifiConnected = false
09-21 13:54:58 INFO  : 连接已停止
09-21 13:54:58 INFO  : 正在尝试重新连接
09-21 13:54:59 INFO  : 自动连接在 06:00 启动
09-21 13:54:59 INFO  : 自动连接在 23:30 停止
09-21 13:54:59 INFO  : 重新连接成功
09-21 13:55:03 INFO  : ssid = 海大校园网
09-21 13:55:03 INFO  : wifiConnected = false
09-21 13:55:03 INFO  : 连接已停止
09-21 13:55:03 INFO  : 正在尝试重新连接
09-21 13:55:04 INFO  : 自动连接在 06:00 启动
09-21 13:55:04 INFO  : 自动连接在 23:30 停止
09-21 13:55:04 INFO  : 重新连接成功
09-21 13:55:05 INFO  : 连接已停止
09-21 13:55:05 INFO  : 停止
09-21 13:55:05 INFO  : ssid = 海大校园网
09-21 13:55:05 INFO  : wifiConnected = true
09-21 13:55:05 INFO  : 连接已停止
09-21 13:55:05 INFO  : 正在尝试重新连接
09-21 13:55:08 INFO  : 自动连接在 06:00 启动
09-21 13:55:08 INFO  : 自动连接在 23:30 停止
09-21 13:55:08 INFO  : 重新连接成功
09-21 13:55:12 INFO  : ssid = 海大校园网
09-21 13:55:12 INFO  : wifiConnected = false
09-21 13:55:12 INFO  : 连接已停止
09-21 13:55:12 INFO  : 正在尝试重新连接
09-21 13:55:14 INFO  : 自动连接在 06:00 启动
09-21 13:55:14 INFO  : 自动连接在 23:30 停止
09-21 13:55:14 INFO  : 重新连接成功
09-21 13:55:17 INFO  : ssid = 海大校园网
09-21 13:55:17 INFO  : wifiConnected = false
09-21 13:55:17 INFO  : 连接已停止
09-21 13:55:17 INFO  : 正在尝试重新连接
09-21 13:55:18 INFO  : 自动连接在 06:00 启动
09-21 13:55:18 INFO  : 自动连接在 23:30 停止
09-21 13:55:18 INFO  : 重新连接成功
09-21 13:55:20 INFO  : 启动成功
09-21 13:55:21 INFO  : ssid = 海大校园网
09-21 13:55:21 INFO  : wifiConnected = false
09-21 13:55:21 INFO  : srcIp = 10.155.213.25
09-21 13:55:21 INFO  : dstIp = 10.129.1.1
09-21 13:55:21 INFO  : acId = 25
09-21 13:55:21 INFO  : jQuery112405644064296283513({"client_ip":"10.155.213.25","ecode":"E2531","error":"login_error","error_msg":"E2531: User not found.","online_ip":"10.155.213.25","res":"login_error","srun_ver":"SRunCGIAuthIntfSvr V1.18 B20240108","st":1726898119})
09-21 13:55:22 INFO  : 重新连接成功
09-21 13:55:28 INFO  : 重新连接成功
09-21 13:55:29 INFO  : 连接已停止
09-21 13:55:29 INFO  : 停止
09-21 13:55:29 INFO  : ssid = 海大校园网
09-21 13:55:29 INFO  : wifiConnected = true
